
> saleship-community@1.0.0 build
> next build

   ??Next.js 15.5.12
   - Environments: .env.local

   Creating an optimized production build ...
 ??Compiled successfully in 5.6s
   Skipping linting
   Checking validity of types ...
node.exe : Failed to c
ompile.
위치 줄:1 문자:1
+ & "C:\Program Files\
nodejs/node.exe" "C:\P
rogram Files\nodejs/no
de_mo ...
+ ~~~~~~~~~~~~~~~~~~~~
~~~~~~~~~~~~~~~~~~~~~~
~~~~~~~~~~~~~~~~~~~~~~
~~~~~
    + CategoryInfo    
          : NotSpeci  
  fied: (Failed to    
 compile.:String)     
[], RemoteExcepti    o
n
    + FullyQualifiedE 
   rrorId : NativeCo  
  mmandError
 

./src/app/deals/[slug]
/DealDetailContent.tsx
:123:30
Type error: Type 'stri
ng' is not assignable 
to type 'number'.

[0m [90m 121 |[39m 
              [33m<[
39m[33mdiv[39m class
Name[33m=[39m[32m"f
lex flex-col items-cen
ter gap-1"[39m[33m>
[39m
 [90m 122 |[39m     
            [33m<[39
m[33mspan[39m classN
ame[33m=[39m[32m"te
xt-[10px] font-black t
ext-slate-400 uppercas
e tracking-widest"[39
m[33m>[39m?ы몴?섍린[33
m<[39m[33m/[39m[33
mspan[39m[33m>[39m
[31m[1m>[22m[39m[
90m 123 |[39m        
         [33m<[39m[
33mVoteControl[39m po
stId[33m=[39m{deal[
33m.[39mid[33m.[39m
toString()} [33m/[39
m[33m>[39m
 [90m     |[39m     
                      
   [31m[1m^[22m[39
m
 [90m 124 |[39m     
          [33m<[39m
[33m/[39m[33mdiv[39
m[33m>[39m
 [90m 125 |[39m     
          [33m<[39m
[33mdiv[39m className
[33m=[39m[32m"w-px 
h-8 bg-slate-200 dark:
bg-slate-700"[39m[33
m>[39m[33m<[39m[33
m/[39m[33mdiv[39m[
33m>[39m
 [90m 126 |[39m     
          [33m<[39m
[33mdiv[39m className
[33m=[39m[32m"flex 
flex-col items-center 
gap-1"[39m[33m>[39m
[0m
Next.js build worker e
xited with code: 1 and
 signal: null
