
> saleship-community@1.0.0 build
> next build

   ??Next.js 15.5.12
   - Environments: .env.local

   Creating an optimized production build ...
 ??Compiled successfully in 4.7s
   Skipping linting
   Checking validity of types ...
node.exe : Failed to c
ompile.
위치 줄:1 문자:1
+ & "C:\Program Files\
nodejs/node.exe" "C:\P
rogram Files\nodejs/no
de_mo ...
+ ~~~~~~~~~~~~~~~~~~~~
~~~~~~~~~~~~~~~~~~~~~~
~~~~~~~~~~~~~~~~~~~~~~
~~~~~
    + CategoryInfo    
          : NotSpeci  
  fied: (Failed to    
 compile.:String)     
[], RemoteExcepti    o
n
    + FullyQualifiedE 
   rrorId : NativeCo  
  mmandError
 

./src/features/deals/L
atestDealsSection.tsx:
12:29
Type error: Type '{ in
itialDeals: Deal[]; }'
 is not assignable to 
type 'IntrinsicAttribu
tes'.
  Property 'initialDea
ls' does not exist on 
type 'IntrinsicAttribu
tes'.

[0m [90m 10 |[39m  
 [36mconst[39m initi
alDeals [33m=[39m [
36mawait[39m getDeals
([35m1[39m[33m,[39
m [35m20[39m)[33m;
[39m
 [90m 11 |[39m
[31m[1m>[22m[39m[
90m 12 |[39m   [36mr
eturn[39m [33m<[39m
[33mLatestDealsClient
[39m initialDeals[33
m=[39m{initialDeals} 
[33m/[39m[33m>[39m
[33m;[39m
 [90m    |[39m      
                      
 [31m[1m^[22m[39m
 [90m 13 |[39m }
 [90m 14 |[39m[0m
Next.js build worker e
xited with code: 1 and
 signal: null
