
> saleship-community@1.0.0 build
> next build

   ??Next.js 15.5.12
   - Environments: .env.local

   Creating an optimized production build ...
node.exe : Failed to c
ompile.
위치 줄:1 문자:1
+ & "C:\Program Files\
nodejs/node.exe" "C:\P
rogram Files\nodejs/no
de_mo ...
+ ~~~~~~~~~~~~~~~~~~~~
~~~~~~~~~~~~~~~~~~~~~~
~~~~~~~~~~~~~~~~~~~~~~
~~~~~
    + CategoryInfo    
          : NotSpeci  
  fied: (Failed to    
 compile.:String)     
[], RemoteExcepti    o
n
    + FullyQualifiedE 
   rrorId : NativeCo  
  mmandError
 

./node_modules\next\di
st\compiled\client-onl
y\error.js
'client-only' cannot b
e imported from a Serv
er Component module. I
t should only be used 
from a Client Componen
t.

Import trace for reque
sted module:
  ./node_modules\next\
dist\compiled\client-o
nly\error.js
  ./node_modules\style
d-jsx\dist\index\index
.js
  ./node_modules\style
d-jsx\style.js
  ./src\app\loading.js
x


> Build failed because
 of webpack errors
